# JRE version: OpenJDK Runtime Environment (21.0.4) (build 21.0.4+-12508038-b607.1)
# Java VM: OpenJDK 64-Bit Server VM (21.0.4+-12508038-b607.1, mixed mode, tiered, compressed oops, compressed class ptrs, g1 gc, windows-amd64)
GC Precious Log:
 CardTable entry size: 512
 Card Set container configuration: InlinePtr #cards 5 size 8 Array Of Cards #cards 12 size 40 Howl #buckets 4 coarsen threshold 1843 Howl Bitmap #cards 512 size 80 coarsen threshold 460 Card regions per heap region 1 cards per card region 2048
 CPUs: 6 total, 6 available
 Memory: 15773M
 Large Page Support: Disabled
 NUMA Support: Disabled
 Compressed Oops: Enabled (32-bit)
 Heap Region Size: 1M
 Heap Min Capacity: 8M
 Heap Initial Capacity: 248M
 Heap Max Capacity: 2G
 Pre-touch: Disabled
 Parallel Workers: 6
 Concurrent Workers: 2
 Concurrent Refinement Workers: 6
 Periodic GC: Disabled
Heap:
 garbage-first heap   total 373760K, used 332594K [0x0000000080000000, 0x0000000100000000)
  region size 1024K, 113 young (115712K), 4 survivors (4096K)
 Metaspace       used 170209K, committed 172928K, reserved 1245184K
  class space    used 22892K, committed 24256K, reserved 1048576K
GC Heap History (20 events):
Event: 257.826 GC heap before
{Heap before GC invocations=57 (full 0):
 garbage-first heap   total 309248K, used 280358K [0x0000000080000000, 0x0000000100000000)
  region size 1024K, 76 young (77824K), 7 survivors (7168K)
 Metaspace       used 127507K, committed 130048K, reserved 1179648K
  class space    used 16994K, committed 18304K, reserved 1048576K
}
Event: 257.833 GC heap after
{Heap after GC invocations=58 (full 0):
 garbage-first heap   total 309248K, used 183365K [0x0000000080000000, 0x0000000100000000)
  region size 1024K, 2 young (2048K), 2 survivors (2048K)
 Metaspace       used 127507K, committed 130048K, reserved 1179648K
  class space    used 16994K, committed 18304K, reserved 1048576K
}
Event: 259.880 GC heap before
{Heap before GC invocations=58 (full 0):
 garbage-first heap   total 309248K, used 284741K [0x0000000080000000, 0x0000000100000000)
  region size 1024K, 102 young (104448K), 2 survivors (2048K)
 Metaspace       used 130671K, committed 133184K, reserved 1179648K
  class space    used 17349K, committed 18624K, reserved 1048576K
}
Event: 259.892 GC heap after
{Heap after GC invocations=59 (full 0):
 garbage-first heap   total 309248K, used 185767K [0x0000000080000000, 0x0000000100000000)
  region size 1024K, 8 young (8192K), 8 survivors (8192K)
 Metaspace       used 130671K, committed 133184K, reserved 1179648K
  class space    used 17349K, committed 18624K, reserved 1048576K
}
Event: 262.824 GC heap before
{Heap before GC invocations=59 (full 0):
 garbage-first heap   total 309248K, used 283047K [0x0000000080000000, 0x0000000100000000)
  region size 1024K, 104 young (106496K), 8 survivors (8192K)
 Metaspace       used 130803K, committed 133312K, reserved 1179648K
  class space    used 17362K, committed 18624K, reserved 1048576K
}
Event: 262.833 GC heap after
{Heap after GC invocations=60 (full 0):
 garbage-first heap   total 309248K, used 188983K [0x0000000080000000, 0x0000000100000000)
  region size 1024K, 6 young (6144K), 6 survivors (6144K)
 Metaspace       used 130803K, committed 133312K, reserved 1179648K
  class space    used 17362K, committed 18624K, reserved 1048576K
}
Event: 266.495 GC heap before
{Heap before GC invocations=61 (full 0):
 garbage-first heap   total 316416K, used 285239K [0x0000000080000000, 0x0000000100000000)
  region size 1024K, 101 young (103424K), 6 survivors (6144K)
 Metaspace       used 132409K, committed 134912K, reserved 1179648K
  class space    used 17547K, committed 18816K, reserved 1048576K
}
Event: 266.506 GC heap after
{Heap after GC invocations=62 (full 0):
 garbage-first heap   total 316416K, used 193832K [0x0000000080000000, 0x0000000100000000)
  region size 1024K, 11 young (11264K), 11 survivors (11264K)
 Metaspace       used 132409K, committed 134912K, reserved 1179648K
  class space    used 17547K, committed 18816K, reserved 1048576K
}
Event: 267.407 GC heap before
{Heap before GC invocations=62 (full 0):
 garbage-first heap   total 316416K, used 293160K [0x0000000080000000, 0x0000000100000000)
  region size 1024K, 103 young (105472K), 11 survivors (11264K)
 Metaspace       used 140544K, committed 143104K, reserved 1179648K
  class space    used 18590K, committed 19904K, reserved 1048576K
}
Event: 267.430 GC heap after
{Heap after GC invocations=63 (full 0):
 garbage-first heap   total 325632K, used 210863K [0x0000000080000000, 0x0000000100000000)
  region size 1024K, 13 young (13312K), 13 survivors (13312K)
 Metaspace       used 140544K, committed 143104K, reserved 1179648K
  class space    used 18590K, committed 19904K, reserved 1048576K
}
Event: 267.993 GC heap before
{Heap before GC invocations=63 (full 0):
 garbage-first heap   total 325632K, used 268207K [0x0000000080000000, 0x0000000100000000)
  region size 1024K, 70 young (71680K), 13 survivors (13312K)
 Metaspace       used 142999K, committed 145664K, reserved 1179648K
  class space    used 18878K, committed 20224K, reserved 1048576K
}
Event: 268.006 GC heap after
{Heap after GC invocations=64 (full 0):
 garbage-first heap   total 325632K, used 212252K [0x0000000080000000, 0x0000000100000000)
  region size 1024K, 7 young (7168K), 7 survivors (7168K)
 Metaspace       used 142999K, committed 145664K, reserved 1179648K
  class space    used 18878K, committed 20224K, reserved 1048576K
}
Event: 268.744 GC heap before
{Heap before GC invocations=65 (full 0):
 garbage-first heap   total 358400K, used 293148K [0x0000000080000000, 0x0000000100000000)
  region size 1024K, 85 young (87040K), 7 survivors (7168K)
 Metaspace       used 150875K, committed 153536K, reserved 1245184K
  class space    used 20044K, committed 21376K, reserved 1048576K
}
Event: 268.756 GC heap after
{Heap after GC invocations=66 (full 0):
 garbage-first heap   total 358400K, used 222342K [0x0000000080000000, 0x0000000100000000)
  region size 1024K, 10 young (10240K), 10 survivors (10240K)
 Metaspace       used 150875K, committed 153536K, reserved 1245184K
  class space    used 20044K, committed 21376K, reserved 1048576K
}
Event: 269.438 GC heap before
{Heap before GC invocations=66 (full 0):
 garbage-first heap   total 358400K, used 316550K [0x0000000080000000, 0x0000000100000000)
  region size 1024K, 103 young (105472K), 10 survivors (10240K)
 Metaspace       used 159814K, committed 162496K, reserved 1245184K
  class space    used 21435K, committed 22784K, reserved 1048576K
}
Event: 269.448 GC heap after
{Heap after GC invocations=67 (full 0):
 garbage-first heap   total 358400K, used 222400K [0x0000000080000000, 0x0000000100000000)
  region size 1024K, 4 young (4096K), 4 survivors (4096K)
 Metaspace       used 159814K, committed 162496K, reserved 1245184K
  class space    used 21435K, committed 22784K, reserved 1048576K
}
Event: 269.571 GC heap before
{Heap before GC invocations=67 (full 0):
 garbage-first heap   total 358400K, used 244928K [0x0000000080000000, 0x0000000100000000)
  region size 1024K, 28 young (28672K), 4 survivors (4096K)
 Metaspace       used 160879K, committed 163520K, reserved 1245184K
  class space    used 21594K, committed 22912K, reserved 1048576K
}
Event: 269.575 GC heap after
{Heap after GC invocations=68 (full 0):
 garbage-first heap   total 358400K, used 223018K [0x0000000080000000, 0x0000000100000000)
  region size 1024K, 4 young (4096K), 4 survivors (4096K)
 Metaspace       used 160879K, committed 163520K, reserved 1245184K
  class space    used 21594K, committed 22912K, reserved 1048576K
}
Event: 862.543 GC heap before
{Heap before GC invocations=69 (full 0):
 garbage-first heap   total 373760K, used 343850K [0x0000000080000000, 0x0000000100000000)
  region size 1024K, 105 young (107520K), 4 survivors (4096K)
 Metaspace       used 165908K, committed 168704K, reserved 1245184K
  class space    used 22337K, committed 23744K, reserved 1048576K
}
Event: 862.553 GC heap after
{Heap after GC invocations=70 (full 0):
 garbage-first heap   total 373760K, used 223026K [0x0000000080000000, 0x0000000100000000)
  region size 1024K, 4 young (4096K), 4 survivors (4096K)
 Metaspace       used 165908K, committed 168704K, reserved 1245184K
  class space    used 22337K, committed 23744K, reserved 1048576K
}

